GSNAP version 2021-12-17 called with args: gsnap.avx2 -A sam -D data -d AiptasiaGmapDb -N 1 data/trimmed/Aip02.R1.paired.fastq data/trimmed/Aip02.R2.paired.fastq
Novel splicing (-N) turned on => assume reads are RNA-Seq
Checking compiler assumptions for SSE2: 6B8B4567 327B23C6 xor=59F066A1
Checking compiler assumptions for SSE4.1: -103 -58 max=198 => compiler zero extends
Checking compiler assumptions for SSE4.2 options: 6B8B4567 __builtin_clz=1 __builtin_ctz=0 _mm_popcnt_u32=17 __builtin_popcount=17 
Finished checking compiler assumptions
Allocating memory for compressed genome (oligos)...done (96,049,628 bytes, 0.09 sec)
Allocating memory for compressed genome (bits)...done (96,049,632 bytes, 0.09 sec)
Looking for genome AiptasiaGmapDb in directory data/AiptasiaGmapDb
Looking for index files in directory data/AiptasiaGmapDb
  Pointers file is AiptasiaGmapDb.ref153offsets64meta
  Offsets file is AiptasiaGmapDb.ref153offsets64strm
  Positions file is AiptasiaGmapDb.ref153positions
Offsets compression type: bitpack64
Allocating memory for ref offset pointers, kmer 15, interval 3...done (134,217,744 bytes, 0.20 sec)
Allocating memory for ref offsets, kmer 15, interval 3...done (229,930,016 bytes, 0.42 sec)
Allocating memory for ref positions, kmer 15, interval 3...done (269,500,660 bytes, 0.54 sec)
Looking for region files in directory data/AiptasiaGmapDb
  Regiondb file is AiptasiaGmapDb.ref061regiondb
Allocating memory for ref regiondb, kmer 6, interval 1...done (544,382,976 bytes, 1.05 sec)
Starting alignment
Processed 31478 queries in 54.33 seconds (579.39 queries/sec)
